<?xml version="1.0" encoding="UTF-8"?>
<testsuite xmlns:xsi="http://www.w3.org/2001/XMLSchema-instance" xsi:noNamespaceSchemaLocation="https://maven.apache.org/surefire/maven-surefire-plugin/xsd/surefire-test-report.xsd" name="suites.cucumber.FakeRunner" time="0.662" tests="0" errors="0" skipped="0" failures="0">
  <properties>
    <property name="sun.desktop" value="gnome"/>
    <property name="awt.toolkit" value="sun.awt.X11.XToolkit"/>
    <property name="java.specification.version" value="11"/>
    <property name="sun.cpu.isalist" value=""/>
    <property name="sun.jnu.encoding" value="UTF-8"/>
    <property name="java.class.path" value="/home/married/IdeaProjects/kanstantsin_yurtsevich_htp_at_project/kanstantsin_yurtsevich_project/target/test-classes:/home/married/IdeaProjects/kanstantsin_yurtsevich_htp_at_project/kanstantsin_yurtsevich_project/target/classes:/home/married/.m2/repository/org/seleniumhq/selenium/selenium-java/3.141.59/selenium-java-3.141.59.jar:/home/married/.m2/repository/org/seleniumhq/selenium/selenium-api/3.141.59/selenium-api-3.141.59.jar:/home/married/.m2/repository/org/seleniumhq/selenium/selenium-edge-driver/3.141.59/selenium-edge-driver-3.141.59.jar:/home/married/.m2/repository/org/seleniumhq/selenium/selenium-ie-driver/3.141.59/selenium-ie-driver-3.141.59.jar:/home/married/.m2/repository/org/seleniumhq/selenium/selenium-opera-driver/3.141.59/selenium-opera-driver-3.141.59.jar:/home/married/.m2/repository/org/seleniumhq/selenium/selenium-remote-driver/3.141.59/selenium-remote-driver-3.141.59.jar:/home/married/.m2/repository/org/seleniumhq/selenium/selenium-safari-driver/3.141.59/selenium-safari-driver-3.141.59.jar:/home/married/.m2/repository/org/seleniumhq/selenium/selenium-support/3.141.59/selenium-support-3.141.59.jar:/home/married/.m2/repository/net/bytebuddy/byte-buddy/1.8.15/byte-buddy-1.8.15.jar:/home/married/.m2/repository/org/apache/commons/commons-exec/1.3/commons-exec-1.3.jar:/home/married/.m2/repository/com/squareup/okhttp3/okhttp/3.11.0/okhttp-3.11.0.jar:/home/married/.m2/repository/com/squareup/okio/okio/1.14.0/okio-1.14.0.jar:/home/married/.m2/repository/org/seleniumhq/selenium/selenium-firefox-driver/3.141.59/selenium-firefox-driver-3.141.59.jar:/home/married/.m2/repository/org/seleniumhq/selenium/selenium-chrome-driver/3.141.59/selenium-chrome-driver-3.141.59.jar:/home/married/.m2/repository/org/seleniumhq/selenium/selenium-server/3.141.59/selenium-server-3.141.59.jar:/home/married/.m2/repository/com/beust/jcommander/1.72/jcommander-1.72.jar:/home/married/.m2/repository/net/jcip/jcip-annotations/1.0/jcip-annotations-1.0.jar:/home/married/.m2/repository/org/seleniumhq/selenium/jetty-repacked/9.4.12.v20180830/jetty-repacked-9.4.12.v20180830.jar:/home/married/.m2/repository/javax/servlet/javax.servlet-api/3.1.0/javax.servlet-api-3.1.0.jar:/home/married/.m2/repository/junit/junit/4.13/junit-4.13.jar:/home/married/.m2/repository/org/hamcrest/hamcrest-core/1.3/hamcrest-core-1.3.jar:/home/married/.m2/repository/org/hamcrest/hamcrest-all/1.3/hamcrest-all-1.3.jar:/home/married/.m2/repository/org/testng/testng/7.1.0/testng-7.1.0.jar:/home/married/.m2/repository/com/google/inject/guice/4.1.0/guice-4.1.0-no_aop.jar:/home/married/.m2/repository/javax/inject/javax.inject/1/javax.inject-1.jar:/home/married/.m2/repository/aopalliance/aopalliance/1.0/aopalliance-1.0.jar:/home/married/.m2/repository/org/yaml/snakeyaml/1.26/snakeyaml-1.26.jar:/home/married/.m2/repository/commons-io/commons-io/2.6/commons-io-2.6.jar:/home/married/.m2/repository/com/google/guava/guava/29.0-jre/guava-29.0-jre.jar:/home/married/.m2/repository/com/google/guava/failureaccess/1.0.1/failureaccess-1.0.1.jar:/home/married/.m2/repository/com/google/guava/listenablefuture/9999.0-empty-to-avoid-conflict-with-guava/listenablefuture-9999.0-empty-to-avoid-conflict-with-guava.jar:/home/married/.m2/repository/com/google/code/findbugs/jsr305/3.0.2/jsr305-3.0.2.jar:/home/married/.m2/repository/org/checkerframework/checker-qual/2.11.1/checker-qual-2.11.1.jar:/home/married/.m2/repository/com/google/errorprone/error_prone_annotations/2.3.4/error_prone_annotations-2.3.4.jar:/home/married/.m2/repository/com/google/j2objc/j2objc-annotations/1.3/j2objc-annotations-1.3.jar:/home/married/.m2/repository/org/json/json/20190722/json-20190722.jar:/home/married/.m2/repository/com/google/code/gson/gson/2.8.6/gson-2.8.6.jar:/home/married/.m2/repository/com/fasterxml/jackson/core/jackson-databind/2.11.0/jackson-databind-2.11.0.jar:/home/married/.m2/repository/com/fasterxml/jackson/core/jackson-annotations/2.11.0/jackson-annotations-2.11.0.jar:/home/married/.m2/repository/com/fasterxml/jackson/core/jackson-core/2.11.0/jackson-core-2.11.0.jar:/home/married/.m2/repository/tk/mybatis/mapper-core/1.1.5/mapper-core-1.1.5.jar:/home/married/.m2/repository/javax/persistence/persistence-api/1.0/persistence-api-1.0.jar:/home/married/.m2/repository/org/apache/httpcomponents/httpclient/4.5.12/httpclient-4.5.12.jar:/home/married/.m2/repository/org/apache/httpcomponents/httpcore/4.4.13/httpcore-4.4.13.jar:/home/married/.m2/repository/commons-logging/commons-logging/1.2/commons-logging-1.2.jar:/home/married/.m2/repository/commons-codec/commons-codec/1.11/commons-codec-1.11.jar:/home/married/.m2/repository/io/cucumber/cucumber-junit/4.3.0/cucumber-junit-4.3.0.jar:/home/married/.m2/repository/io/cucumber/cucumber-core/4.3.0/cucumber-core-4.3.0.jar:/home/married/.m2/repository/io/cucumber/cucumber-html/0.2.7/cucumber-html-0.2.7.jar:/home/married/.m2/repository/io/cucumber/cucumber-expressions/6.2.2/cucumber-expressions-6.2.2.jar:/home/married/.m2/repository/io/cucumber/datatable/1.1.12/datatable-1.1.12.jar:/home/married/.m2/repository/io/cucumber/datatable-dependencies/1.1.12/datatable-dependencies-1.1.12.jar:/home/married/.m2/repository/io/cucumber/cucumber-java/4.3.0/cucumber-java-4.3.0.jar:/home/married/.m2/repository/io/cucumber/gherkin/5.0.0/gherkin-5.0.0.jar:/home/married/.m2/repository/io/cucumber/gherkin-jvm-deps/1.0.4/gherkin-jvm-deps-1.0.4.jar:/home/married/.m2/repository/io/cucumber/tag-expressions/1.1.1/tag-expressions-1.1.1.jar:/home/married/.m2/repository/log4j/log4j/1.2.17/log4j-1.2.17.jar:/home/married/.m2/repository/org/apache/maven/surefire/surefire-testng-utils/2.21.0/surefire-testng-utils-2.21.0.jar:/home/married/.m2/repository/org/apache/maven/surefire/surefire-grouper/2.21.0/surefire-grouper-2.21.0.jar:"/>
    <property name="java.vm.vendor" value="Oracle Corporation"/>
    <property name="sun.arch.data.model" value="64"/>
    <property name="java.vendor.url" value="https://openjdk.java.net/"/>
    <property name="user.timezone" value=""/>
    <property name="java.vm.specification.version" value="11"/>
    <property name="os.name" value="Linux"/>
    <property name="sun.java.launcher" value="SUN_STANDARD"/>
    <property name="user.country" value="RU"/>
    <property name="sun.boot.library.path" value="/usr/lib/jvm/jdk-11.0.7/lib"/>
    <property name="sun.java.command" value="/home/married/IdeaProjects/kanstantsin_yurtsevich_htp_at_project/kanstantsin_yurtsevich_project/target/surefire/surefirebooter5075584300559755759.jar /home/married/IdeaProjects/kanstantsin_yurtsevich_htp_at_project/kanstantsin_yurtsevich_project/target/surefire 2020-05-31T14-46-40_957-jvmRun1 surefire3478131114432258659tmp surefire_0652172518097984251tmp"/>
    <property name="jdk.debug" value="release"/>
    <property name="surefire.test.class.path" value="/home/married/IdeaProjects/kanstantsin_yurtsevich_htp_at_project/kanstantsin_yurtsevich_project/target/test-classes:/home/married/IdeaProjects/kanstantsin_yurtsevich_htp_at_project/kanstantsin_yurtsevich_project/target/classes:/home/married/.m2/repository/org/seleniumhq/selenium/selenium-java/3.141.59/selenium-java-3.141.59.jar:/home/married/.m2/repository/org/seleniumhq/selenium/selenium-api/3.141.59/selenium-api-3.141.59.jar:/home/married/.m2/repository/org/seleniumhq/selenium/selenium-edge-driver/3.141.59/selenium-edge-driver-3.141.59.jar:/home/married/.m2/repository/org/seleniumhq/selenium/selenium-ie-driver/3.141.59/selenium-ie-driver-3.141.59.jar:/home/married/.m2/repository/org/seleniumhq/selenium/selenium-opera-driver/3.141.59/selenium-opera-driver-3.141.59.jar:/home/married/.m2/repository/org/seleniumhq/selenium/selenium-remote-driver/3.141.59/selenium-remote-driver-3.141.59.jar:/home/married/.m2/repository/org/seleniumhq/selenium/selenium-safari-driver/3.141.59/selenium-safari-driver-3.141.59.jar:/home/married/.m2/repository/org/seleniumhq/selenium/selenium-support/3.141.59/selenium-support-3.141.59.jar:/home/married/.m2/repository/net/bytebuddy/byte-buddy/1.8.15/byte-buddy-1.8.15.jar:/home/married/.m2/repository/org/apache/commons/commons-exec/1.3/commons-exec-1.3.jar:/home/married/.m2/repository/com/squareup/okhttp3/okhttp/3.11.0/okhttp-3.11.0.jar:/home/married/.m2/repository/com/squareup/okio/okio/1.14.0/okio-1.14.0.jar:/home/married/.m2/repository/org/seleniumhq/selenium/selenium-firefox-driver/3.141.59/selenium-firefox-driver-3.141.59.jar:/home/married/.m2/repository/org/seleniumhq/selenium/selenium-chrome-driver/3.141.59/selenium-chrome-driver-3.141.59.jar:/home/married/.m2/repository/org/seleniumhq/selenium/selenium-server/3.141.59/selenium-server-3.141.59.jar:/home/married/.m2/repository/com/beust/jcommander/1.72/jcommander-1.72.jar:/home/married/.m2/repository/net/jcip/jcip-annotations/1.0/jcip-annotations-1.0.jar:/home/married/.m2/repository/org/seleniumhq/selenium/jetty-repacked/9.4.12.v20180830/jetty-repacked-9.4.12.v20180830.jar:/home/married/.m2/repository/javax/servlet/javax.servlet-api/3.1.0/javax.servlet-api-3.1.0.jar:/home/married/.m2/repository/junit/junit/4.13/junit-4.13.jar:/home/married/.m2/repository/org/hamcrest/hamcrest-core/1.3/hamcrest-core-1.3.jar:/home/married/.m2/repository/org/hamcrest/hamcrest-all/1.3/hamcrest-all-1.3.jar:/home/married/.m2/repository/org/testng/testng/7.1.0/testng-7.1.0.jar:/home/married/.m2/repository/com/google/inject/guice/4.1.0/guice-4.1.0-no_aop.jar:/home/married/.m2/repository/javax/inject/javax.inject/1/javax.inject-1.jar:/home/married/.m2/repository/aopalliance/aopalliance/1.0/aopalliance-1.0.jar:/home/married/.m2/repository/org/yaml/snakeyaml/1.26/snakeyaml-1.26.jar:/home/married/.m2/repository/commons-io/commons-io/2.6/commons-io-2.6.jar:/home/married/.m2/repository/com/google/guava/guava/29.0-jre/guava-29.0-jre.jar:/home/married/.m2/repository/com/google/guava/failureaccess/1.0.1/failureaccess-1.0.1.jar:/home/married/.m2/repository/com/google/guava/listenablefuture/9999.0-empty-to-avoid-conflict-with-guava/listenablefuture-9999.0-empty-to-avoid-conflict-with-guava.jar:/home/married/.m2/repository/com/google/code/findbugs/jsr305/3.0.2/jsr305-3.0.2.jar:/home/married/.m2/repository/org/checkerframework/checker-qual/2.11.1/checker-qual-2.11.1.jar:/home/married/.m2/repository/com/google/errorprone/error_prone_annotations/2.3.4/error_prone_annotations-2.3.4.jar:/home/married/.m2/repository/com/google/j2objc/j2objc-annotations/1.3/j2objc-annotations-1.3.jar:/home/married/.m2/repository/org/json/json/20190722/json-20190722.jar:/home/married/.m2/repository/com/google/code/gson/gson/2.8.6/gson-2.8.6.jar:/home/married/.m2/repository/com/fasterxml/jackson/core/jackson-databind/2.11.0/jackson-databind-2.11.0.jar:/home/married/.m2/repository/com/fasterxml/jackson/core/jackson-annotations/2.11.0/jackson-annotations-2.11.0.jar:/home/married/.m2/repository/com/fasterxml/jackson/core/jackson-core/2.11.0/jackson-core-2.11.0.jar:/home/married/.m2/repository/tk/mybatis/mapper-core/1.1.5/mapper-core-1.1.5.jar:/home/married/.m2/repository/javax/persistence/persistence-api/1.0/persistence-api-1.0.jar:/home/married/.m2/repository/org/apache/httpcomponents/httpclient/4.5.12/httpclient-4.5.12.jar:/home/married/.m2/repository/org/apache/httpcomponents/httpcore/4.4.13/httpcore-4.4.13.jar:/home/married/.m2/repository/commons-logging/commons-logging/1.2/commons-logging-1.2.jar:/home/married/.m2/repository/commons-codec/commons-codec/1.11/commons-codec-1.11.jar:/home/married/.m2/repository/io/cucumber/cucumber-junit/4.3.0/cucumber-junit-4.3.0.jar:/home/married/.m2/repository/io/cucumber/cucumber-core/4.3.0/cucumber-core-4.3.0.jar:/home/married/.m2/repository/io/cucumber/cucumber-html/0.2.7/cucumber-html-0.2.7.jar:/home/married/.m2/repository/io/cucumber/cucumber-expressions/6.2.2/cucumber-expressions-6.2.2.jar:/home/married/.m2/repository/io/cucumber/datatable/1.1.12/datatable-1.1.12.jar:/home/married/.m2/repository/io/cucumber/datatable-dependencies/1.1.12/datatable-dependencies-1.1.12.jar:/home/married/.m2/repository/io/cucumber/cucumber-java/4.3.0/cucumber-java-4.3.0.jar:/home/married/.m2/repository/io/cucumber/gherkin/5.0.0/gherkin-5.0.0.jar:/home/married/.m2/repository/io/cucumber/gherkin-jvm-deps/1.0.4/gherkin-jvm-deps-1.0.4.jar:/home/married/.m2/repository/io/cucumber/tag-expressions/1.1.1/tag-expressions-1.1.1.jar:/home/married/.m2/repository/log4j/log4j/1.2.17/log4j-1.2.17.jar:/home/married/.m2/repository/org/apache/maven/surefire/surefire-testng-utils/2.21.0/surefire-testng-utils-2.21.0.jar:/home/married/.m2/repository/org/apache/maven/surefire/surefire-grouper/2.21.0/surefire-grouper-2.21.0.jar:"/>
    <property name="sun.cpu.endian" value="little"/>
    <property name="user.home" value="/home/married"/>
    <property name="user.language" value="ru"/>
    <property name="java.specification.vendor" value="Oracle Corporation"/>
    <property name="java.version.date" value="2020-04-14"/>
    <property name="java.home" value="/usr/lib/jvm/jdk-11.0.7"/>
    <property name="file.separator" value="/"/>
    <property name="basedir" value="/home/married/IdeaProjects/kanstantsin_yurtsevich_htp_at_project/kanstantsin_yurtsevich_project"/>
    <property name="java.vm.compressedOopsMode" value="32-bit"/>
    <property name="line.separator" value="&#10;"/>
    <property name="java.specification.name" value="Java Platform API Specification"/>
    <property name="java.vm.specification.vendor" value="Oracle Corporation"/>
    <property name="java.awt.graphicsenv" value="sun.awt.X11GraphicsEnvironment"/>
    <property name="idea.version2020.1.1" value="true"/>
    <property name="surefire.real.class.path" value="/home/married/IdeaProjects/kanstantsin_yurtsevich_htp_at_project/kanstantsin_yurtsevich_project/target/surefire/surefirebooter5075584300559755759.jar"/>
    <property name="sun.management.compiler" value="HotSpot 64-Bit Tiered Compilers"/>
    <property name="java.runtime.version" value="11.0.7+8-LTS"/>
    <property name="user.name" value="married"/>
    <property name="path.separator" value=":"/>
    <property name="os.version" value="5.4.0-29-generic"/>
    <property name="java.runtime.name" value="Java(TM) SE Runtime Environment"/>
    <property name="file.encoding" value="UTF-8"/>
    <property name="java.vm.name" value="Java HotSpot(TM) 64-Bit Server VM"/>
    <property name="java.vendor.version" value="18.9"/>
    <property name="localRepository" value="/home/married/.m2/repository"/>
    <property name="java.vendor.url.bug" value="https://bugreport.java.com/bugreport/"/>
    <property name="java.io.tmpdir" value="/tmp"/>
    <property name="java.version" value="11.0.7"/>
    <property name="user.dir" value="/home/married/IdeaProjects/kanstantsin_yurtsevich_htp_at_project/kanstantsin_yurtsevich_project"/>
    <property name="os.arch" value="amd64"/>
    <property name="java.vm.specification.name" value="Java Virtual Machine Specification"/>
    <property name="java.awt.printerjob" value="sun.print.PSPrinterJob"/>
    <property name="sun.os.patch.level" value="unknown"/>
    <property name="java.library.path" value="/usr/java/packages/lib:/usr/lib64:/lib64:/lib:/usr/lib"/>
    <property name="java.vendor" value="Oracle Corporation"/>
    <property name="java.vm.info" value="mixed mode"/>
    <property name="java.vm.version" value="11.0.7+8-LTS"/>
    <property name="sun.io.unicode.encoding" value="UnicodeLittle"/>
    <property name="java.class.version" value="55.0"/>
  </properties>
</testsuite>